[     144ms] [INFO] %cDownload the React DevTools for a better development experience: https://react.dev/link/react-devtools font-weight:bold @ http://localhost:3333/_next/static/chunks/0dkq_next_dist_11_x3u_._.js:2431
[     165ms] [LOG] [HMR] connected @ http://localhost:3333/_next/static/chunks/0dkq_next_dist_11_x3u_._.js:2431
[  246537ms] [LOG] [Fast Refresh] rebuilding @ http://localhost:3333/_next/static/chunks/0dkq_next_dist_11_x3u_._.js:2431
[  246775ms] [LOG] [Fast Refresh] done in 119ms @ http://localhost:3333/_next/static/chunks/0dkq_next_dist_11_x3u_._.js:2431
[  255375ms] [LOG] [Fast Refresh] rebuilding @ http://localhost:3333/_next/static/chunks/0dkq_next_dist_11_x3u_._.js:2431
[  255601ms] [WARNING] %c%s%c ⚠ metadataBase property in metadata export is not set for resolving social open graph or twitter images, using "http://localhost:3333". See https://nextjs.org/docs/app/api-reference/functions/generate-metadata#metadatabase background: #e6e6e6;background: light-dark(rgba(0,0,0,0.1), rgba(255,255,255,0.25));color: #000000;color: light-dark(#000000, #ffffff);border-radius: 2px  Server   @ http://localhost:3333/_next/static/chunks/0dkq_next_dist_11_x3u_._.js:2431
[  255601ms] [LOG] [Fast Refresh] done in 88ms @ http://localhost:3333/_next/static/chunks/0dkq_next_dist_11_x3u_._.js:2431
[  257457ms] [LOG] [Fast Refresh] rebuilding @ http://localhost:3333/_next/static/chunks/0dkq_next_dist_11_x3u_._.js:2431
[  257500ms] [LOG] [Fast Refresh] done in 149ms @ http://localhost:3333/_next/static/chunks/0dkq_next_dist_11_x3u_._.js:2431
[  261575ms] [LOG] [Fast Refresh] rebuilding @ http://localhost:3333/_next/static/chunks/0dkq_next_dist_11_x3u_._.js:2431
[  261780ms] [WARNING] %c%s%c ⚠ metadataBase property in metadata export is not set for resolving social open graph or twitter images, using "http://localhost:3333". See https://nextjs.org/docs/app/api-reference/functions/generate-metadata#metadatabase background: #e6e6e6;background: light-dark(rgba(0,0,0,0.1), rgba(255,255,255,0.25));color: #000000;color: light-dark(#000000, #ffffff);border-radius: 2px  Server   @ http://localhost:3333/_next/static/chunks/0dkq_next_dist_11_x3u_._.js:2431
[  261782ms] [LOG] [Fast Refresh] done in 55ms @ http://localhost:3333/_next/static/chunks/0dkq_next_dist_11_x3u_._.js:2431
[  266963ms] [LOG] [Fast Refresh] rebuilding @ http://localhost:3333/_next/static/chunks/0dkq_next_dist_11_x3u_._.js:2431
[  267151ms] [WARNING] %c%s%c ⚠ metadataBase property in metadata export is not set for resolving social open graph or twitter images, using "http://localhost:3333". See https://nextjs.org/docs/app/api-reference/functions/generate-metadata#metadatabase background: #e6e6e6;background: light-dark(rgba(0,0,0,0.1), rgba(255,255,255,0.25));color: #000000;color: light-dark(#000000, #ffffff);border-radius: 2px  Server   @ http://localhost:3333/_next/static/chunks/0dkq_next_dist_11_x3u_._.js:2431
[  267152ms] [LOG] [Fast Refresh] done in 50ms @ http://localhost:3333/_next/static/chunks/0dkq_next_dist_11_x3u_._.js:2431
[  274207ms] [LOG] [Fast Refresh] rebuilding @ http://localhost:3333/_next/static/chunks/0dkq_next_dist_11_x3u_._.js:2431
[  274238ms] [LOG] [Fast Refresh] done in 32ms @ http://localhost:3333/_next/static/chunks/0dkq_next_dist_11_x3u_._.js:2431
[  278696ms] [LOG] [Fast Refresh] rebuilding @ http://localhost:3333/_next/static/chunks/0dkq_next_dist_11_x3u_._.js:2431
[  278922ms] [WARNING] %c%s%c ⚠ metadataBase property in metadata export is not set for resolving social open graph or twitter images, using "http://localhost:3333". See https://nextjs.org/docs/app/api-reference/functions/generate-metadata#metadatabase background: #e6e6e6;background: light-dark(rgba(0,0,0,0.1), rgba(255,255,255,0.25));color: #000000;color: light-dark(#000000, #ffffff);border-radius: 2px  Server   @ http://localhost:3333/_next/static/chunks/0dkq_next_dist_11_x3u_._.js:2431
[  278927ms] [LOG] [Fast Refresh] done in 48ms @ http://localhost:3333/_next/static/chunks/0dkq_next_dist_11_x3u_._.js:2431
[  539245ms] [LOG] [Fast Refresh] rebuilding @ http://localhost:3333/_next/static/chunks/0dkq_next_dist_11_x3u_._.js:2431
[  539355ms] [LOG] [Fast Refresh] done in 225ms @ http://localhost:3333/_next/static/chunks/0dkq_next_dist_11_x3u_._.js:2431
