[    3447ms] [ERROR] Failed to load resource: the server responded with a status of 404 (Not Found) @ http://localhost:3000/login:0
[    3480ms] [ERROR] Executing inline script violates the following Content Security Policy directive 'script-src 'self' https://js.stripe.com https://plausible.io 'unsafe-eval''. Either the 'unsafe-inline' keyword, a hash ('sha256-vZb4jdJmB3l7m62v2ZDpr2xjlx+pHKgRrRmUSf+2awQ='), or a nonce ('nonce-...') is required to enable inline execution. The action has been blocked. @ http://localhost:3000/login:0
[    3480ms] [ERROR] Executing inline script violates the following Content Security Policy directive 'script-src 'self' https://js.stripe.com https://plausible.io 'unsafe-eval''. Either the 'unsafe-inline' keyword, a hash ('sha256-OBTN3RiyCV4Bq7dFqZ5a2pAXjnCcCYeTJMO2I/LYKeo='), or a nonce ('nonce-...') is required to enable inline execution. The action has been blocked. @ http://localhost:3000/login:0
[    3480ms] [ERROR] Executing inline script violates the following Content Security Policy directive 'script-src 'self' https://js.stripe.com https://plausible.io 'unsafe-eval''. Either the 'unsafe-inline' keyword, a hash ('sha256-iTWpkM06adrT8S0g4+4hX0isC0Ufvs32Y07aBPYnnDM='), or a nonce ('nonce-...') is required to enable inline execution. The action has been blocked. @ http://localhost:3000/login:0
[    3481ms] [ERROR] Executing inline script violates the following Content Security Policy directive 'script-src 'self' https://js.stripe.com https://plausible.io 'unsafe-eval''. Either the 'unsafe-inline' keyword, a hash ('sha256-tdRt2G40HKPM5xaDPGYUOLdrvwAmC1jLdzcwHZNbbUE='), or a nonce ('nonce-...') is required to enable inline execution. The action has been blocked. @ http://localhost:3000/login:0
[    3481ms] [ERROR] Executing inline script violates the following Content Security Policy directive 'script-src 'self' https://js.stripe.com https://plausible.io 'unsafe-eval''. Either the 'unsafe-inline' keyword, a hash ('sha256-8EWgSaJzL/CK3h+3ofhcDfAUhLXsrtPYidTsewkDGFk='), or a nonce ('nonce-...') is required to enable inline execution. The action has been blocked. @ http://localhost:3000/login:0
[    3481ms] [ERROR] Executing inline script violates the following Content Security Policy directive 'script-src 'self' https://js.stripe.com https://plausible.io 'unsafe-eval''. Either the 'unsafe-inline' keyword, a hash ('sha256-hvHh4H0qfA3IHvC/993f/51vzGUfygWxzM0pSv2UzvE='), or a nonce ('nonce-...') is required to enable inline execution. The action has been blocked. @ http://localhost:3000/login:0
[    3481ms] [ERROR] Executing inline script violates the following Content Security Policy directive 'script-src 'self' https://js.stripe.com https://plausible.io 'unsafe-eval''. Either the 'unsafe-inline' keyword, a hash ('sha256-3kwIljL55isTB7pXD2CpBZpkABNOeZ/CGEE9Pxf74+M='), or a nonce ('nonce-...') is required to enable inline execution. The action has been blocked. @ http://localhost:3000/login:0
[    3481ms] [ERROR] Executing inline script violates the following Content Security Policy directive 'script-src 'self' https://js.stripe.com https://plausible.io 'unsafe-eval''. Either the 'unsafe-inline' keyword, a hash ('sha256-fpCo++Zy/SxHDsKwqkY+InZpaFrbW2gpQc1Vjg63SwM='), or a nonce ('nonce-...') is required to enable inline execution. The action has been blocked. @ http://localhost:3000/login:0
[    3481ms] [ERROR] Executing inline script violates the following Content Security Policy directive 'script-src 'self' https://js.stripe.com https://plausible.io 'unsafe-eval''. Either the 'unsafe-inline' keyword, a hash ('sha256-9MkFvl3ViUzLLB7UfcFRVJAlcO0ly8Laz2jAw8GVydM='), or a nonce ('nonce-...') is required to enable inline execution. The action has been blocked. @ http://localhost:3000/login:0
[    3481ms] [ERROR] Executing inline script violates the following Content Security Policy directive 'script-src 'self' https://js.stripe.com https://plausible.io 'unsafe-eval''. Either the 'unsafe-inline' keyword, a hash ('sha256-BLS4itS08uLXauWksa1lpfrekS5us80R+b/KqyeJzII='), or a nonce ('nonce-...') is required to enable inline execution. The action has been blocked. @ http://localhost:3000/login:0
[    3481ms] [ERROR] Executing inline script violates the following Content Security Policy directive 'script-src 'self' https://js.stripe.com https://plausible.io 'unsafe-eval''. Either the 'unsafe-inline' keyword, a hash ('sha256-yIUCd6IsIz3cidxbIWxdmowbUJWp9SN5IuSLypVHiO8='), or a nonce ('nonce-...') is required to enable inline execution. The action has been blocked. @ http://localhost:3000/login:0
[    3850ms] [INFO] %cDownload the React DevTools for a better development experience: https://react.dev/link/react-devtools font-weight:bold @ http://localhost:3000/_next/static/chunks/node_modules_next_dist_f3530cac._.js:2298
[    4359ms] InvariantError: Invariant: Expected a request ID to be defined for the document via self.__next_r. This is a bug in Next.js.
    at createWebSocket (http://localhost:3000/_next/static/chunks/node_modules_next_dist_client_17643121._.js:10862:37)
    at hydrate (http://localhost:3000/_next/static/chunks/node_modules_next_dist_client_17643121._.js:12627:21)
    at http://localhost:3000/_next/static/chunks/node_modules_next_dist_client_17643121._.js:12706:9
    at http://localhost:3000/_next/static/chunks/node_modules_next_dist_client_17643121._.js:178:9
    at loadScriptsInSequence (http://localhost:3000/_next/static/chunks/node_modules_next_dist_client_17643121._.js:142:16)
    at appBootstrap (http://localhost:3000/_next/static/chunks/node_modules_next_dist_client_17643121._.js:171:5)
    at module evaluation (http://localhost:3000/_next/static/chunks/node_modules_next_dist_client_17643121._.js:12703:32)
    at http://localhost:3000/_next/static/chunks/turbopack-_23a915ee._.js:880:13
    at runModuleExecutionHooks (http://localhost:3000/_next/static/chunks/turbopack-_23a915ee._.js:905:13)
    at instantiateModule (http://localhost:3000/_next/static/chunks/turbopack-_23a915ee._.js:878:9)
    at getOrInstantiateRuntimeModule (http://localhost:3000/_next/static/chunks/turbopack-_23a915ee._.js:809:12)
    at Object.registerChunk (http://localhost:3000/_next/static/chunks/turbopack-_23a915ee._.js:1627:21)
